<?xml version="1.0" encoding="UTF-8"?>
<testsuites>
  <testsuite name="fastlane.lanes">
    
    
    
      
      <testcase classname="fastlane.lanes" name="0: default_platform" time="0.000205">
        
      </testcase>
    
      
      <testcase classname="fastlane.lanes" name="1: :composeApp:wasmJsBrowserDevelopmentRun" time="1968.937235">
        
          <failure message="/opt/homebrew/Cellar/fastlane/2.227.1/libexec/gems/fastlane-2.227.1/fastlane/lib/fastlane/actions/actions_helper.rb:67:in &apos;Fastlane::Actions.execute_action&apos;&#10;/opt/homebrew/Cellar/fastlane/2.227.1/libexec/gems/fastlane-2.227.1/fastlane/lib/fastlane/runner.rb:255:in &apos;block in Fastlane::Runner#execute_action&apos;&#10;/opt/homebrew/Cellar/fastlane/2.227.1/libexec/gems/fastlane-2.227.1/fastlane/lib/fastlane/runner.rb:229:in &apos;Dir.chdir&apos;&#10;/opt/homebrew/Cellar/fastlane/2.227.1/libexec/gems/fastlane-2.227.1/fastlane/lib/fastlane/runner.rb:229:in &apos;Fastlane::Runner#execute_action&apos;&#10;/opt/homebrew/Cellar/fastlane/2.227.1/libexec/gems/fastlane-2.227.1/fastlane/lib/fastlane/runner.rb:157:in &apos;Fastlane::Runner#trigger_action_by_name&apos;&#10;/opt/homebrew/Cellar/fastlane/2.227.1/libexec/gems/fastlane-2.227.1/fastlane/lib/fastlane/fast_file.rb:159:in &apos;Fastlane::FastFile#method_missing&apos;&#10;Fastfile:26:in &apos;block (2 levels) in Fastlane::FastFile#parsing_binding&apos;&#10;/opt/homebrew/Cellar/fastlane/2.227.1/libexec/gems/fastlane-2.227.1/fastlane/lib/fastlane/lane.rb:41:in &apos;Fastlane::Lane#call&apos;&#10;/opt/homebrew/Cellar/fastlane/2.227.1/libexec/gems/fastlane-2.227.1/fastlane/lib/fastlane/runner.rb:49:in &apos;block in Fastlane::Runner#execute&apos;&#10;/opt/homebrew/Cellar/fastlane/2.227.1/libexec/gems/fastlane-2.227.1/fastlane/lib/fastlane/runner.rb:45:in &apos;Dir.chdir&apos;&#10;/opt/homebrew/Cellar/fastlane/2.227.1/libexec/gems/fastlane-2.227.1/fastlane/lib/fastlane/runner.rb:45:in &apos;Fastlane::Runner#execute&apos;&#10;/opt/homebrew/Cellar/fastlane/2.227.1/libexec/gems/fastlane-2.227.1/fastlane/lib/fastlane/lane_manager.rb:46:in &apos;Fastlane::LaneManager.cruise_lane&apos;&#10;/opt/homebrew/Cellar/fastlane/2.227.1/libexec/gems/fastlane-2.227.1/fastlane/lib/fastlane/command_line_handler.rb:34:in &apos;Fastlane::CommandLineHandler.handle&apos;&#10;/opt/homebrew/Cellar/fastlane/2.227.1/libexec/gems/fastlane-2.227.1/fastlane/lib/fastlane/commands_generator.rb:110:in &apos;block (2 levels) in Fastlane::CommandsGenerator#run&apos;&#10;/opt/homebrew/Cellar/fastlane/2.227.1/libexec/gems/commander-4.6.0/lib/commander/command.rb:187:in &apos;Commander::Command#call&apos;&#10;/opt/homebrew/Cellar/fastlane/2.227.1/libexec/gems/commander-4.6.0/lib/commander/command.rb:157:in &apos;Commander::Command#run&apos;&#10;/opt/homebrew/Cellar/fastlane/2.227.1/libexec/gems/commander-4.6.0/lib/commander/runner.rb:444:in &apos;Commander::Runner#run_active_command&apos;&#10;/opt/homebrew/Cellar/fastlane/2.227.1/libexec/gems/fastlane-2.227.1/fastlane_core/lib/fastlane_core/ui/fastlane_runner.rb:124:in &apos;Commander::Runner#run!&apos;&#10;/opt/homebrew/Cellar/fastlane/2.227.1/libexec/gems/commander-4.6.0/lib/commander/delegates.rb:18:in &apos;Commander::Delegates#run!&apos;&#10;/opt/homebrew/Cellar/fastlane/2.227.1/libexec/gems/fastlane-2.227.1/fastlane/lib/fastlane/commands_generator.rb:363:in &apos;Fastlane::CommandsGenerator#run&apos;&#10;/opt/homebrew/Cellar/fastlane/2.227.1/libexec/gems/fastlane-2.227.1/fastlane/lib/fastlane/commands_generator.rb:43:in &apos;Fastlane::CommandsGenerator.start&apos;&#10;/opt/homebrew/Cellar/fastlane/2.227.1/libexec/gems/fastlane-2.227.1/fastlane/lib/fastlane/cli_tools_distributor.rb:123:in &apos;Fastlane::CLIToolsDistributor.take_off&apos;&#10;/opt/homebrew/Cellar/fastlane/2.227.1/libexec/gems/fastlane-2.227.1/bin/fastlane:23:in &apos;&lt;top (required)&gt;&apos;&#10;/opt/homebrew/Cellar/fastlane/2.227.1/libexec/bin/fastlane:25:in &apos;Kernel#load&apos;&#10;/opt/homebrew/Cellar/fastlane/2.227.1/libexec/bin/fastlane:25:in &apos;&lt;main&gt;&apos;&#10;&#10;Exit status of command &apos;/Users/patel/AndroidStudioProjects/Bug-Free-Bio/gradlew :composeApp:wasmJsBrowserDevelopmentRun -p .&apos; was 1 instead of 0.&#10;Type-safe project accessors is an incubating feature.&#10;&#10;&gt; Configure project :composeApp&#10;w: Kotlin Multiplatform &lt;-&gt; Android Gradle Plugin compatibility issue:&#10;The applied Android Gradle Plugin version (8.9.1) is higher &#10;than the maximum known to the Kotlin Gradle Plugin.&#10;Tooling stability in such configuration isn&apos;t tested, please report encountered issues to https://kotl.in/issue&#10;&#10;Minimum supported Android Gradle Plugin version: 7.1&#10;Maximum tested Android Gradle Plugin version: 8.3&#10;&#10;To suppress this message add &apos;kotlin.mpp.androidGradlePluginCompatibility.nowarn=true&apos; to your gradle.properties&#10;&#10;w: New &apos;wasm&apos; target is Work-in-Progress and is subject to change without notice. Please report encountered issues to https://kotl.in/issue&#10;&#10;Configuration &apos;wasmJsNpmAggregated&apos; was resolved during configuration time.&#10;This is a build performance and scalability issue.&#10;See https://github.com/gradle/gradle/issues/2298&#10;Run with --info for a stacktrace.&#10;Configuration &apos;wasmJsTestNpmAggregated&apos; was resolved during configuration time.&#10;This is a build performance and scalability issue.&#10;See https://github.com/gradle/gradle/issues/2298&#10;Run with --info for a stacktrace.&#10;&#10;&gt; Task :kotlinNodeJsSetup UP-TO-DATE&#10;&gt; Task :kotlinNpmCachesSetup&#10;&gt; Task :kotlinRestoreYarnLock UP-TO-DATE&#10;&gt; Task :kotlinYarnSetup UP-TO-DATE&#10;&gt; Task :composeApp:wasmJsPackageJson UP-TO-DATE&#10;&gt; Task :composeApp:wasmJsTestPackageJson UP-TO-DATE&#10;&gt; Task :composeApp:wasmJsPublicPackageJson&#10;&gt; Task :composeApp:wasmJsTestPublicPackageJson UP-TO-DATE&#10;&gt; Task :packageJsonUmbrella&#10;&gt; Task :rootPackageJson UP-TO-DATE&#10;&gt; Task :kotlinNpmInstall UP-TO-DATE&#10;&gt; Task :kotlinStoreYarnLock UP-TO-DATE&#10;&gt; Task :composeApp:checkKotlinGradlePluginConfigurationErrors SKIPPED&#10;&gt; Task :composeApp:generateComposeResClass UP-TO-DATE&#10;&gt; Task :composeApp:convertXmlValueResourcesForCommonMain NO-SOURCE&#10;&gt; Task :composeApp:copyNonXmlValueResourcesForCommonMain UP-TO-DATE&#10;&gt; Task :composeApp:prepareComposeResourcesTaskForCommonMain UP-TO-DATE&#10;&gt; Task :composeApp:generateResourceAccessorsForCommonMain UP-TO-DATE&#10;&gt; Task :composeApp:convertXmlValueResourcesForWasmJsMain NO-SOURCE&#10;&gt; Task :composeApp:copyNonXmlValueResourcesForWasmJsMain NO-SOURCE&#10;&gt; Task :composeApp:prepareComposeResourcesTaskForWasmJsMain NO-SOURCE&#10;&gt; Task :composeApp:generateResourceAccessorsForWasmJsMain NO-SOURCE&#10;&gt; Task :composeApp:compileKotlinWasmJs UP-TO-DATE&#10;&gt; Task :composeApp:unpackSkikoWasmRuntimeWasmJs UP-TO-DATE&#10;&gt; Task :composeApp:wasmJsResolveResourcesFromDependencies UP-TO-DATE&#10;&gt; Task :composeApp:wasmJsResolveSelfResourcesCopyHierarchicalMultiplatformResources UP-TO-DATE&#10;&gt; Task :composeApp:wasmJsAggregateResources UP-TO-DATE&#10;&gt; Task :composeApp:wasmJsProcessResources UP-TO-DATE&#10;&gt; Task :composeApp:wasmJsMainClasses UP-TO-DATE&#10;&gt; Task :composeApp:compileDevelopmentExecutableKotlinWasmJs UP-TO-DATE&#10;&gt; Task :composeApp:wasmJsDevelopmentExecutableCompileSync&#10;&#10;&gt; Task :composeApp:wasmJsBrowserDevelopmentRun&#10;&lt;i&gt; [webpack-dev-server] Project is running at:&#10;&lt;i&gt; [webpack-dev-server] Loopback: http://localhost:8080/&#10;&lt;i&gt; [webpack-dev-server] On Your Network (IPv4): http://192.168.86.48:8080/&#10;&lt;i&gt; [webpack-dev-server] On Your Network (IPv6): http://[fe80::1]:8080/&#10;&lt;i&gt; [webpack-dev-server] Content not from webpack is served from &apos;kotlin, ../../../../composeApp/build/processedResources/wasmJs/main, /Users/patel/AndroidStudioProjects/Bug-Free-Bio/composeApp&apos; directory&#10;Critical dependency: Accessing import.meta directly is unsupported (only property access or destructuring is supported)&#10;&#10;Critical dependency: Accessing import.meta directly is unsupported (only property access or destructuring is supported)&#10;&#10;Critical dependency: Accessing import.meta directly is unsupported (only property access or destructuring is supported)&#10;&#10;webpack 5.91.0 compiled with 3 warnings in 788 ms&#10;Critical dependency: Accessing import.meta directly is unsupported (only property access or destructuring is supported)&#10;&#10;Critical dependency: Accessing import.meta directly is unsupported (only property access or destructuring is supported)&#10;&#10;Critical dependency: Accessing import.meta directly is unsupported (only property access or destructuring is supported)&#10;&#10;webpack 5.91.0 compiled with 3 warnings in 259 ms&#10;Critical dependency: Accessing import.meta directly is unsupported (only property access or destructuring is supported)&#10;&#10;Critical dependency: Accessing import.meta directly is unsupported (only property access or destructuring is supported)&#10;&#10;Critical dependency: Accessing import.meta directly is unsupported (only property access or destructuring is supported)&#10;&#10;webpack 5.91.0 compiled with 3 warnings in 38 ms&#10;Critical dependency: Accessing import.meta directly is unsupported (only property access or destructuring is supported)&#10;&#10;webpack 5.91.0 compiled with 3 warnings in 525 ms&#10;Critical dependency: Accessing import.meta directly is unsupported (only property access or destructuring is supported)&#10;webpack 5.91.0 compiled with 3 warnings in 25 ms&#10;&#10;Critical dependency: Accessing import.meta directly is unsupported (only property access or destructuring is supported)&#10;&#10;Critical dependency: Accessing import.meta directly is unsupported (only property access or destructuring is supported)&#10;&#10;Critical dependency: Accessing import.meta directly is unsupported (only property access or destructuring is supported)&#10;&#10;Critical dependency: Accessing import.meta directly is unsupported (only property access or destructuring is supported)&#10;&#10;&#10;Daemon is stopping immediately stop command received&#10;&#10;FAILURE: Build failed with an exception.&#10;&#10;* What went wrong:&#10;Gradle build daemon has been stopped: stop command received&#10;&#10;* Try:&#10;&gt; Run with --stacktrace option to get the stack trace.&#10;&gt; Run with --info or --debug option to get more log output.&#10;&gt; Run with --scan to get full insights.&#10;&gt; Get more help at https://help.gradle.org.&#10;" />
        
      </testcase>
    
  </testsuite>
</testsuites>
